# JRE version: 7.0_25-b17
# Java VM: Java HotSpot(TM) 64-Bit Server VM (23.25-b01 mixed mode windows-amd64 compressed oops)
Heap
 PSYoungGen      total 281728K, used 194171K [0x00000000eaab0000, 0x00000000fdea0000, 0x0000000100000000)
  eden space 271104K, 71% used [0x00000000eaab0000,0x00000000f684eee8,0x00000000fb370000)
  from space 10624K, 0% used [0x00000000fb370000,0x00000000fb370000,0x00000000fbdd0000)
  to   space 20864K, 0% used [0x00000000fca40000,0x00000000fca40000,0x00000000fdea0000)
 ParOldGen       total 48256K, used 44926K [0x00000000c0000000, 0x00000000c2f20000, 0x00000000eaab0000)
  object space 48256K, 93% used [0x00000000c0000000,0x00000000c2bdf998,0x00000000c2f20000)
 PSPermGen       total 41024K, used 40933K [0x00000000b0000000, 0x00000000b2810000, 0x00000000c0000000)
  object space 41024K, 99% used [0x00000000b0000000,0x00000000b27f96e0,0x00000000b2810000)
GC Heap History (10 events):
Event: 14.608 GC heap before
{Heap before GC invocations=16 (full 0):
 PSYoungGen      total 129856K, used 123648K [0x00000000eaab0000, 0x00000000f7810000, 0x0000000100000000)
  eden space 123200K, 100% used [0x00000000eaab0000,0x00000000f2300000,0x00000000f2300000)
  from space 6656K, 6% used [0x00000000f2300000,0x00000000f2370000,0x00000000f2980000)
  to   space 6592K, 0% used [0x00000000f71a0000,0x00000000f71a0000,0x00000000f7810000)
 ParOldGen       total 42496K, used 15505K [0x00000000c0000000, 0x00000000c2980000, 0x00000000eaab0000)
  object space 42496K, 36% used [0x00000000c0000000,0x00000000c0f24788,0x00000000c2980000)
 PSPermGen       total 22976K, used 22975K [0x00000000b0000000, 0x00000000b1670000, 0x00000000c0000000)
  object space 22976K, 99% used [0x00000000b0000000,0x00000000b166ff60,0x00000000b1670000)
Event: 14.640 GC heap after
Heap after GC invocations=16 (full 0):
 PSYoungGen      total 201984K, used 6561K [0x00000000eaab0000, 0x00000000f7b70000, 0x0000000100000000)
  eden space 195392K, 0% used [0x00000000eaab0000,0x00000000eaab0000,0x00000000f6980000)
  from space 6592K, 99% used [0x00000000f71a0000,0x00000000f7808760,0x00000000f7810000)
  to   space 8320K, 0% used [0x00000000f6980000,0x00000000f6980000,0x00000000f71a0000)
 ParOldGen       total 42496K, used 17154K [0x00000000c0000000, 0x00000000c2980000, 0x00000000eaab0000)
  object space 42496K, 40% used [0x00000000c0000000,0x00000000c10c0a28,0x00000000c2980000)
 PSPermGen       total 22976K, used 22975K [0x00000000b0000000, 0x00000000b1670000, 0x00000000c0000000)
  object space 22976K, 99% used [0x00000000b0000000,0x00000000b166ff60,0x00000000b1670000)
}
Event: 15.544 GC heap before
{Heap before GC invocations=17 (full 0):
 PSYoungGen      total 201984K, used 201953K [0x00000000eaab0000, 0x00000000f7b70000, 0x0000000100000000)
  eden space 195392K, 100% used [0x00000000eaab0000,0x00000000f6980000,0x00000000f6980000)
  from space 6592K, 99% used [0x00000000f71a0000,0x00000000f7808760,0x00000000f7810000)
  to   space 8320K, 0% used [0x00000000f6980000,0x00000000f6980000,0x00000000f71a0000)
 ParOldGen       total 42496K, used 17154K [0x00000000c0000000, 0x00000000c2980000, 0x00000000eaab0000)
  object space 42496K, 40% used [0x00000000c0000000,0x00000000c10c0a28,0x00000000c2980000)
 PSPermGen       total 23168K, used 23008K [0x00000000b0000000, 0x00000000b16a0000, 0x00000000c0000000)
  object space 23168K, 99% used [0x00000000b0000000,0x00000000b16783c0,0x00000000b16a0000)
Event: 15.565 GC heap after
Heap after GC invocations=17 (full 0):
 PSYoungGen      total 203712K, used 1120K [0x00000000eaab0000, 0x00000000fc5c0000, 0x0000000100000000)
  eden space 195392K, 0% used [0x00000000eaab0000,0x00000000eaab0000,0x00000000f6980000)
  from space 8320K, 13% used [0x00000000f6980000,0x00000000f6a98000,0x00000000f71a0000)
  to   space 8128K, 0% used [0x00000000fbdd0000,0x00000000fbdd0000,0x00000000fc5c0000)
 ParOldGen       total 42496K, used 22781K [0x00000000c0000000, 0x00000000c2980000, 0x00000000eaab0000)
  object space 42496K, 53% used [0x00000000c0000000,0x00000000c163f6d8,0x00000000c2980000)
 PSPermGen       total 23168K, used 23008K [0x00000000b0000000, 0x00000000b16a0000, 0x00000000c0000000)
  object space 23168K, 99% used [0x00000000b0000000,0x00000000b16783c0,0x00000000b16a0000)
}
Event: 27.614 GC heap before
{Heap before GC invocations=18 (full 0):
 PSYoungGen      total 203712K, used 196512K [0x00000000eaab0000, 0x00000000fc5c0000, 0x0000000100000000)
  eden space 195392K, 100% used [0x00000000eaab0000,0x00000000f6980000,0x00000000f6980000)
  from space 8320K, 13% used [0x00000000f6980000,0x00000000f6a98000,0x00000000f71a0000)
  to   space 8128K, 0% used [0x00000000fbdd0000,0x00000000fbdd0000,0x00000000fc5c0000)
 ParOldGen       total 42496K, used 22781K [0x00000000c0000000, 0x00000000c2980000, 0x00000000eaab0000)
  object space 42496K, 53% used [0x00000000c0000000,0x00000000c163f6d8,0x00000000c2980000)
 PSPermGen       total 31808K, used 31623K [0x00000000b0000000, 0x00000000b1f10000, 0x00000000c0000000)
  object space 31808K, 99% used [0x00000000b0000000,0x00000000b1ee1ce0,0x00000000b1f10000)
Event: 27.627 GC heap after
Heap after GC invocations=18 (full 0):
 PSYoungGen      total 279232K, used 8097K [0x00000000eaab0000, 0x00000000fcaa0000, 0x0000000100000000)
  eden space 271104K, 0% used [0x00000000eaab0000,0x00000000eaab0000,0x00000000fb370000)
  from space 8128K, 99% used [0x00000000fbdd0000,0x00000000fc5b8400,0x00000000fc5c0000)
  to   space 10624K, 0% used [0x00000000fb370000,0x00000000fb370000,0x00000000fbdd0000)
 ParOldGen       total 42496K, used 25617K [0x00000000c0000000, 0x00000000c2980000, 0x00000000eaab0000)
  object space 42496K, 60% used [0x00000000c0000000,0x00000000c1904648,0x00000000c2980000)
 PSPermGen       total 31808K, used 31623K [0x00000000b0000000, 0x00000000b1f10000, 0x00000000c0000000)
  object space 31808K, 99% used [0x00000000b0000000,0x00000000b1ee1ce0,0x00000000b1f10000)
}
Event: 37.273 GC heap before
{Heap before GC invocations=19 (full 0):
 PSYoungGen      total 279232K, used 267681K [0x00000000eaab0000, 0x00000000fcaa0000, 0x0000000100000000)
  eden space 271104K, 95% used [0x00000000eaab0000,0x00000000fa8300f8,0x00000000fb370000)
  from space 8128K, 99% used [0x00000000fbdd0000,0x00000000fc5b8400,0x00000000fc5c0000)
  to   space 10624K, 0% used [0x00000000fb370000,0x00000000fb370000,0x00000000fbdd0000)
 ParOldGen       total 42496K, used 25617K [0x00000000c0000000, 0x00000000c2980000, 0x00000000eaab0000)
  object space 42496K, 60% used [0x00000000c0000000,0x00000000c1904648,0x00000000c2980000)
 PSPermGen       total 41024K, used 40988K [0x00000000b0000000, 0x00000000b2810000, 0x00000000c0000000)
  object space 41024K, 99% used [0x00000000b0000000,0x00000000b28072a0,0x00000000b2810000)
Event: 37.324 GC heap after
Heap after GC invocations=19 (full 0):
 PSYoungGen      total 281728K, used 10608K [0x00000000eaab0000, 0x00000000fdea0000, 0x0000000100000000)
  eden space 271104K, 0% used [0x00000000eaab0000,0x00000000eaab0000,0x00000000fb370000)
  from space 10624K, 99% used [0x00000000fb370000,0x00000000fbdcc030,0x00000000fbdd0000)
  to   space 20864K, 0% used [0x00000000fca40000,0x00000000fca40000,0x00000000fdea0000)
 ParOldGen       total 48256K, used 48242K [0x00000000c0000000, 0x00000000c2f20000, 0x00000000eaab0000)
  object space 48256K, 99% used [0x00000000c0000000,0x00000000c2f1cbe0,0x00000000c2f20000)
 PSPermGen       total 41024K, used 40988K [0x00000000b0000000, 0x00000000b2810000, 0x00000000c0000000)
  object space 41024K, 99% used [0x00000000b0000000,0x00000000b28072a0,0x00000000b2810000)
}
Event: 37.324 GC heap before
{Heap before GC invocations=20 (full 1):
 PSYoungGen      total 281728K, used 10608K [0x00000000eaab0000, 0x00000000fdea0000, 0x0000000100000000)
  eden space 271104K, 0% used [0x00000000eaab0000,0x00000000eaab0000,0x00000000fb370000)
  from space 10624K, 99% used [0x00000000fb370000,0x00000000fbdcc030,0x00000000fbdd0000)
  to   space 20864K, 0% used [0x00000000fca40000,0x00000000fca40000,0x00000000fdea0000)
 ParOldGen       total 48256K, used 48242K [0x00000000c0000000, 0x00000000c2f20000, 0x00000000eaab0000)
  object space 48256K, 99% used [0x00000000c0000000,0x00000000c2f1cbe0,0x00000000c2f20000)
 PSPermGen       total 41024K, used 40988K [0x00000000b0000000, 0x00000000b2810000, 0x00000000c0000000)
  object space 41024K, 99% used [0x00000000b0000000,0x00000000b28072a0,0x00000000b2810000)
Event: 37.798 GC heap after
Heap after GC invocations=20 (full 1):
 PSYoungGen      total 281728K, used 0K [0x00000000eaab0000, 0x00000000fdea0000, 0x0000000100000000)
  eden space 271104K, 0% used [0x00000000eaab0000,0x00000000eaab0000,0x00000000fb370000)
  from space 10624K, 0% used [0x00000000fb370000,0x00000000fb370000,0x00000000fbdd0000)
  to   space 20864K, 0% used [0x00000000fca40000,0x00000000fca40000,0x00000000fdea0000)
 ParOldGen       total 48256K, used 44926K [0x00000000c0000000, 0x00000000c2f20000, 0x00000000eaab0000)
  object space 48256K, 93% used [0x00000000c0000000,0x00000000c2bdf998,0x00000000c2f20000)
 PSPermGen       total 41024K, used 40845K [0x00000000b0000000, 0x00000000b2810000, 0x00000000c0000000)
  object space 41024K, 99% used [0x00000000b0000000,0x00000000b27e3738,0x00000000b2810000)
}

